This file contains any messages produced by compilers while
running configure, to aid debugging if configure makes a mistake.

It was created by bluez configure 5.65, which was
generated by GNU Autoconf 2.71.  Invocation command line was

  $ ./configure --prefix=/usr --mandir=/usr/share/man --sysconfdir=/etc --localstatedir=/var --libexecdir=/usr/lib --with-dbusconfdir=/usr/share --enable-btpclient --enable-midi --enable-sixaxis --enable-hid2hci --enable-mesh --enable-experimental --enable-library --enable-deprecated

## --------- ##
## Platform. ##
## --------- ##

hostname = snowcrash
uname -m = x86_64
uname -r = 5.19.12-arch1-1
uname -s = Linux
uname -v = #1 SMP PREEMPT_DYNAMIC Wed, 28 Sep 2022 13:21:25 +0000

/usr/bin/uname -p = unknown
/bin/uname -X     = unknown

/bin/arch              = unknown
/usr/bin/arch -k       = unknown
/usr/convex/getsysinfo = unknown
/usr/bin/hostinfo      = unknown
/bin/machine           = unknown
/usr/bin/oslevel       = unknown
/bin/universe          = unknown

PATH: /home/droogie/.cargo/bin/
PATH: /usr/local/bin/
PATH: /usr/bin/
PATH: /bin/
PATH: /usr/local/sbin/
PATH: /opt/android-ndk/
PATH: /home/droogie/.dotnet/tools/
PATH: /usr/lib/jvm/default/bin/
PATH: /opt/intelFPGA/20.1/modelsim_ase/bin/
PATH: /usr/bin/site_perl/
PATH: /usr/bin/vendor_perl/
PATH: /usr/bin/core_perl/
PATH: /opt/intelFPGA/21.1/quartus/bin/
PATH: /opt/intelFPGA/21.1/quartus/sopc_builder/bin/
PATH: /opt/intelFPGA/21.1/questa_fse/bin/
PATH: /home/droogie/.local/bin/


## ----------- ##
## Core tests. ##
## ----------- ##

configure:2648: looking for aux files: config.guess config.sub ltmain.sh compile missing install-sh
configure:2661:  trying ./
configure:2690:   ./config.guess found
configure:2690:   ./config.sub found
configure:2690:   ./ltmain.sh found
configure:2690:   ./compile found
configure:2690:   ./missing found
configure:2672:   ./install-sh found
configure:2820: checking for a BSD-compatible install
configure:2893: result: /usr/bin/install -c
configure:2904: checking whether build environment is sane
configure:2959: result: yes
configure:3118: checking for a race-free mkdir -p
configure:3162: result: /usr/bin/mkdir -p
configure:3169: checking for gawk
configure:3190: found /usr/bin/gawk
configure:3201: result: gawk
configure:3212: checking whether make sets $(MAKE)
configure:3235: result: yes
configure:3265: checking whether make supports nested variables
configure:3283: result: yes
configure:3358: checking how to create a pax tar archive
configure:3369: tar --version
tar (GNU tar) 1.34
Copyright (C) 2021 Free Software Foundation, Inc.
License GPLv3+: GNU GPL version 3 or later <https://gnu.org/licenses/gpl.html>.
This is free software: you are free to change and redistribute it.
There is NO WARRANTY, to the extent permitted by law.

Written by John Gilmore and Jay Fenlason.
configure:3372: $? = 0
configure:3412: tardir=conftest.dir && eval tar --format=posix -chf - "$tardir" >conftest.tar
configure:3415: $? = 0
configure:3419: tar -xf - <conftest.tar
configure:3422: $? = 0
configure:3424: cat conftest.dir/file
GrepMe
configure:3427: $? = 0
configure:3441: result: gnutar
configure:3520: checking whether make supports nested variables
configure:3538: result: yes
configure:3551: checking whether to enable maintainer-specific portions of Makefiles
configure:3561: result: no
configure:3636: checking for pkg-config
configure:3659: found /usr/bin/pkg-config
configure:3671: result: /usr/bin/pkg-config
configure:3696: checking pkg-config is at least version 0.9.0
configure:3699: result: yes
configure:3748: checking whether make supports the include directive
configure:3763: make -f confmf.GNU && cat confinc.out
this is the am__doit target
configure:3766: $? = 0
configure:3785: result: yes (GNU style)
configure:3861: checking for gcc
configure:3882: found /usr/bin/gcc
configure:3893: result: gcc
configure:4246: checking for C compiler version
configure:4255: gcc --version >&5
gcc (GCC) 12.2.0
Copyright (C) 2022 Free Software Foundation, Inc.
This is free software; see the source for copying conditions.  There is NO
warranty; not even for MERCHANTABILITY or FITNESS FOR A PARTICULAR PURPOSE.

configure:4266: $? = 0
configure:4255: gcc -v >&5
Using built-in specs.
COLLECT_GCC=gcc
COLLECT_LTO_WRAPPER=/usr/lib/gcc/x86_64-pc-linux-gnu/12.2.0/lto-wrapper
Target: x86_64-pc-linux-gnu
Configured with: /build/gcc/src/gcc/configure --enable-languages=c,c++,ada,fortran,go,lto,objc,obj-c++,d --enable-bootstrap --prefix=/usr --libdir=/usr/lib --libexecdir=/usr/lib --mandir=/usr/share/man --infodir=/usr/share/info --with-bugurl=https://bugs.archlinux.org/ --with-build-config=bootstrap-lto --with-linker-hash-style=gnu --with-system-zlib --enable-__cxa_atexit --enable-cet=auto --enable-checking=release --enable-clocale=gnu --enable-default-pie --enable-default-ssp --enable-gnu-indirect-function --enable-gnu-unique-object --enable-libstdcxx-backtrace --enable-link-serialization=1 --enable-linker-build-id --enable-lto --enable-multilib --enable-plugin --enable-shared --enable-threads=posix --disable-libssp --disable-libstdcxx-pch --disable-werror
Thread model: posix
Supported LTO compression algorithms: zlib zstd
gcc version 12.2.0 (GCC) 
configure:4266: $? = 0
configure:4255: gcc -V >&5
gcc: error: unrecognized command-line option '-V'
gcc: fatal error: no input files
compilation terminated.
configure:4266: $? = 1
configure:4255: gcc -qversion >&5
gcc: error: unrecognized command-line option '-qversion'; did you mean '--version'?
gcc: fatal error: no input files
compilation terminated.
configure:4266: $? = 1
configure:4255: gcc -version >&5
gcc: error: unrecognized command-line option '-version'
gcc: fatal error: no input files
compilation terminated.
configure:4266: $? = 1
configure:4286: checking whether the C compiler works
configure:4308: gcc    conftest.c  >&5
configure:4312: $? = 0
configure:4362: result: yes
configure:4365: checking for C compiler default output file name
configure:4367: result: a.out
configure:4373: checking for suffix of executables
configure:4380: gcc -o conftest    conftest.c  >&5
configure:4384: $? = 0
configure:4407: result: 
configure:4429: checking whether we are cross compiling
configure:4437: gcc -o conftest    conftest.c  >&5
configure:4441: $? = 0
configure:4448: ./conftest
configure:4452: $? = 0
configure:4467: result: no
configure:4472: checking for suffix of object files
configure:4495: gcc -c   conftest.c >&5
configure:4499: $? = 0
configure:4521: result: o
configure:4525: checking whether the compiler supports GNU C
configure:4545: gcc -c   conftest.c >&5
configure:4545: $? = 0
configure:4555: result: yes
configure:4566: checking whether gcc accepts -g
configure:4587: gcc -c -g  conftest.c >&5
configure:4587: $? = 0
configure:4631: result: yes
configure:4651: checking for gcc option to enable C11 features
configure:4666: gcc  -c -g -O2  conftest.c >&5
configure:4666: $? = 0
configure:4684: result: none needed
configure:4800: checking whether gcc understands -c and -o together
configure:4823: gcc -c conftest.c -o conftest2.o
configure:4826: $? = 0
configure:4823: gcc -c conftest.c -o conftest2.o
configure:4826: $? = 0
configure:4838: result: yes
configure:4857: checking dependency style of gcc
configure:4969: result: gcc3
configure:4985: checking for C/C++ restrict keyword
configure:5015: gcc -c -g -O2  conftest.c >&5
configure:5015: $? = 0
configure:5024: result: __restrict__
configure:5089: checking for gcc
configure:5121: result: gcc
configure:5474: checking for C compiler version
configure:5483: gcc --version >&5
gcc (GCC) 12.2.0
Copyright (C) 2022 Free Software Foundation, Inc.
This is free software; see the source for copying conditions.  There is NO
warranty; not even for MERCHANTABILITY or FITNESS FOR A PARTICULAR PURPOSE.

configure:5494: $? = 0
configure:5483: gcc -v >&5
Using built-in specs.
COLLECT_GCC=gcc
COLLECT_LTO_WRAPPER=/usr/lib/gcc/x86_64-pc-linux-gnu/12.2.0/lto-wrapper
Target: x86_64-pc-linux-gnu
Configured with: /build/gcc/src/gcc/configure --enable-languages=c,c++,ada,fortran,go,lto,objc,obj-c++,d --enable-bootstrap --prefix=/usr --libdir=/usr/lib --libexecdir=/usr/lib --mandir=/usr/share/man --infodir=/usr/share/info --with-bugurl=https://bugs.archlinux.org/ --with-build-config=bootstrap-lto --with-linker-hash-style=gnu --with-system-zlib --enable-__cxa_atexit --enable-cet=auto --enable-checking=release --enable-clocale=gnu --enable-default-pie --enable-default-ssp --enable-gnu-indirect-function --enable-gnu-unique-object --enable-libstdcxx-backtrace --enable-link-serialization=1 --enable-linker-build-id --enable-lto --enable-multilib --enable-plugin --enable-shared --enable-threads=posix --disable-libssp --disable-libstdcxx-pch --disable-werror
Thread model: posix
Supported LTO compression algorithms: zlib zstd
gcc version 12.2.0 (GCC) 
configure:5494: $? = 0
configure:5483: gcc -V >&5
gcc: error: unrecognized command-line option '-V'
gcc: fatal error: no input files
compilation terminated.
configure:5494: $? = 1
configure:5483: gcc -qversion >&5
gcc: error: unrecognized command-line option '-qversion'; did you mean '--version'?
gcc: fatal error: no input files
compilation terminated.
configure:5494: $? = 1
configure:5483: gcc -version >&5
gcc: error: unrecognized command-line option '-version'
gcc: fatal error: no input files
compilation terminated.
configure:5494: $? = 1
configure:5498: checking whether the compiler supports GNU C
configure:5528: result: yes
configure:5539: checking whether gcc accepts -g
configure:5604: result: yes
configure:5624: checking for gcc option to enable C11 features
configure:5657: result: none needed
configure:5773: checking whether gcc understands -c and -o together
configure:5811: result: yes
configure:5830: checking dependency style of gcc
configure:5942: result: gcc3
configure:5959: checking whether gcc accepts -fPIE
configure:5975: result: yes
configure:5979: checking whether gcc accepts -fsanitize=address
configure:5995: result: yes
configure:5999: checking whether gcc accepts -fsanitize=leak
configure:6015: result: yes
configure:6019: checking whether gcc accepts -fsanitize=undefined
configure:6035: result: yes
configure:6108: checking build system type
configure:6123: result: x86_64-pc-linux-gnu
configure:6143: checking host system type
configure:6157: result: x86_64-pc-linux-gnu
configure:6198: checking how to print strings
configure:6225: result: printf
configure:6246: checking for a sed that does not truncate output
configure:6316: result: /usr/bin/sed
configure:6334: checking for grep that handles long lines and -e
configure:6398: result: /usr/bin/grep
configure:6403: checking for egrep
configure:6471: result: /usr/bin/grep -E
configure:6476: checking for fgrep
configure:6544: result: /usr/bin/grep -F
configure:6580: checking for ld used by gcc
configure:6648: result: /usr/bin/ld
configure:6655: checking if the linker (/usr/bin/ld) is GNU ld
configure:6671: result: yes
configure:6683: checking for BSD- or MS-compatible name lister (nm)
configure:6738: result: /usr/bin/nm -B
configure:6878: checking the name lister (/usr/bin/nm -B) interface
configure:6886: gcc -c -g -O2  conftest.c >&5
configure:6889: /usr/bin/nm -B "conftest.o"
configure:6892: output
0000000000000000 B some_variable
configure:6899: result: BSD nm
configure:6902: checking whether ln -s works
configure:6906: result: yes
configure:6914: checking the maximum length of command line arguments
configure:7046: result: 1572864
configure:7094: checking how to convert x86_64-pc-linux-gnu file names to x86_64-pc-linux-gnu format
configure:7135: result: func_convert_file_noop
configure:7142: checking how to convert x86_64-pc-linux-gnu file names to toolchain format
configure:7163: result: func_convert_file_noop
configure:7170: checking for /usr/bin/ld option to reload object files
configure:7178: result: -r
configure:7257: checking for file
configure:7278: found /usr/bin/file
configure:7289: result: file
configure:7365: checking for objdump
configure:7386: found /usr/bin/objdump
configure:7397: result: objdump
configure:7429: checking how to recognize dependent libraries
configure:7630: result: pass_all
configure:7720: checking for dlltool
configure:7755: result: no
configure:7785: checking how to associate runtime and link libraries
configure:7813: result: printf %s\n
configure:7878: checking for ar
configure:7899: found /usr/bin/ar
configure:7910: result: ar
configure:7963: checking for archiver @FILE support
configure:7981: gcc -c -g -O2  conftest.c >&5
configure:7981: $? = 0
configure:7985: ar cr libconftest.a @conftest.lst >&5
configure:7988: $? = 0
configure:7993: ar cr libconftest.a @conftest.lst >&5
ar: conftest.o: No such file or directory
configure:7996: $? = 1
configure:8008: result: @
configure:8071: checking for strip
configure:8092: found /usr/bin/strip
configure:8103: result: strip
configure:8180: checking for ranlib
configure:8201: found /usr/bin/ranlib
configure:8212: result: ranlib
configure:8314: checking command to parse /usr/bin/nm -B output from gcc object
configure:8468: gcc -c -g -O2  conftest.c >&5
configure:8471: $? = 0
configure:8475: /usr/bin/nm -B conftest.o | /usr/bin/sed -n -e 's/^.*[	 ]\([ABCDGIRSTW][ABCDGIRSTW]*\)[	 ][	 ]*\([_A-Za-z][_A-Za-z0-9]*\)$/\1 \2 \2/p' | /usr/bin/sed '/ __gnu_lto/d' > conftest.nm
configure:8541: gcc -o conftest -g -O2   conftest.c conftstm.o >&5
configure:8544: $? = 0
configure:8582: result: ok
configure:8629: checking for sysroot
configure:8660: result: no
configure:8667: checking for a working dd
configure:8711: result: /usr/bin/dd
configure:8715: checking how to truncate binary pipes
configure:8731: result: /usr/bin/dd bs=4096 count=1
configure:8868: gcc -c -g -O2  conftest.c >&5
configure:8871: $? = 0
configure:9068: checking for mt
configure:9103: result: no
configure:9123: checking if : is a manifest tool
configure:9130: : '-?'
configure:9138: result: no
configure:9863: checking for stdio.h
configure:9863: gcc -c -g -O2  conftest.c >&5
configure:9863: $? = 0
configure:9863: result: yes
configure:9863: checking for stdlib.h
configure:9863: gcc -c -g -O2  conftest.c >&5
configure:9863: $? = 0
configure:9863: result: yes
configure:9863: checking for string.h
configure:9863: gcc -c -g -O2  conftest.c >&5
configure:9863: $? = 0
configure:9863: result: yes
configure:9863: checking for inttypes.h
configure:9863: gcc -c -g -O2  conftest.c >&5
configure:9863: $? = 0
configure:9863: result: yes
configure:9863: checking for stdint.h
configure:9863: gcc -c -g -O2  conftest.c >&5
configure:9863: $? = 0
configure:9863: result: yes
configure:9863: checking for strings.h
configure:9863: gcc -c -g -O2  conftest.c >&5
configure:9863: $? = 0
configure:9863: result: yes
configure:9863: checking for sys/stat.h
configure:9863: gcc -c -g -O2  conftest.c >&5
configure:9863: $? = 0
configure:9863: result: yes
configure:9863: checking for sys/types.h
configure:9863: gcc -c -g -O2  conftest.c >&5
configure:9863: $? = 0
configure:9863: result: yes
configure:9863: checking for unistd.h
configure:9863: gcc -c -g -O2  conftest.c >&5
configure:9863: $? = 0
configure:9863: result: yes
configure:9888: checking for dlfcn.h
configure:9888: gcc -c -g -O2  conftest.c >&5
configure:9888: $? = 0
configure:9888: result: yes
configure:10116: checking for objdir
configure:10132: result: .libs
configure:10392: checking if gcc supports -fno-rtti -fno-exceptions
configure:10411: gcc -c -g -O2  -fno-rtti -fno-exceptions conftest.c >&5
cc1: warning: command-line option '-fno-rtti' is valid for C++/D/ObjC++ but not for C
configure:10415: $? = 0
configure:10428: result: no
configure:10792: checking for gcc option to produce PIC
configure:10800: result: -fPIC -DPIC
configure:10808: checking if gcc PIC flag -fPIC -DPIC works
configure:10827: gcc -c -g -O2  -fPIC -DPIC -DPIC conftest.c >&5
configure:10831: $? = 0
configure:10844: result: yes
configure:10873: checking if gcc static flag -static works
configure:10902: result: yes
configure:10917: checking if gcc supports -c -o file.o
configure:10939: gcc -c -g -O2  -o out/conftest2.o conftest.c >&5
configure:10943: $? = 0
configure:10965: result: yes
configure:10973: checking if gcc supports -c -o file.o
configure:11021: result: yes
configure:11054: checking whether the gcc linker (/usr/bin/ld -m elf_x86_64) supports shared libraries
configure:12328: result: yes
configure:12365: checking whether -lc should be explicitly linked in
configure:12374: gcc -c -g -O2  conftest.c >&5
configure:12377: $? = 0
configure:12392: gcc -shared  -fPIC -DPIC conftest.o  -v -Wl,-soname -Wl,conftest -o conftest 2\>\&1 \| /usr/bin/grep  -lc  \>/dev/null 2\>\&1
configure:12395: $? = 0
configure:12409: result: no
configure:12569: checking dynamic linker characteristics
configure:13151: gcc -o conftest -g -O2   -Wl,-rpath -Wl,/foo conftest.c  >&5
configure:13151: $? = 0
configure:13402: result: GNU/Linux ld.so
configure:13524: checking how to hardcode library paths into programs
configure:13549: result: immediate
configure:14101: checking whether stripping libraries is possible
configure:14110: result: yes
configure:14152: checking if libtool supports shared libraries
configure:14154: result: yes
configure:14157: checking whether to build shared libraries
configure:14182: result: yes
configure:14185: checking whether to build static libraries
configure:14189: result: no
configure:14621: checking for explicit_bzero
configure:14621: gcc -o conftest -g -O2   conftest.c  >&5
configure:14621: $? = 0
configure:14621: result: yes
configure:14629: checking for getrandom
configure:14629: gcc -o conftest -g -O2   conftest.c  >&5
configure:14629: $? = 0
configure:14629: result: yes
configure:14637: checking for rawmemchr
configure:14637: gcc -o conftest -g -O2   conftest.c  >&5
configure:14637: $? = 0
configure:14637: result: yes
configure:14645: checking for signalfd
configure:14645: gcc -o conftest -g -O2   conftest.c  >&5
configure:14645: $? = 0
configure:14645: result: yes
configure:14654: checking for clock_gettime in -lrt
configure:14677: gcc -o conftest -g -O2   conftest.c -lrt   >&5
configure:14677: $? = 0
configure:14687: result: yes
configure:14697: checking for pthread_create in -lpthread
configure:14720: gcc -o conftest -g -O2   conftest.c -lpthread   >&5
configure:14720: $? = 0
configure:14730: result: yes
configure:14740: checking for dlopen in -ldl
configure:14763: gcc -o conftest -g -O2   conftest.c -ldl   >&5
configure:14763: $? = 0
configure:14773: result: yes
configure:14783: checking for linux/types.h
configure:14783: gcc -c -g -O2  conftest.c >&5
configure:14783: $? = 0
configure:14783: result: yes
configure:14789: checking for linux/if_alg.h
configure:14789: gcc -c -g -O2  conftest.c >&5
configure:14789: $? = 0
configure:14789: result: yes
configure:14795: checking for linux/uinput.h
configure:14795: gcc -c -g -O2  conftest.c >&5
configure:14795: $? = 0
configure:14795: result: yes
configure:14801: checking for linux/uhid.h
configure:14801: gcc -c -g -O2  conftest.c >&5
configure:14801: $? = 0
configure:14801: result: yes
configure:14807: checking for sys/random.h
configure:14807: gcc -c -g -O2  conftest.c >&5
configure:14807: $? = 0
configure:14807: result: yes
configure:14817: checking for glib-2.0 >= 2.28
configure:14824: $PKG_CONFIG --exists --print-errors "glib-2.0 >= 2.28"
configure:14827: $? = 0
configure:14841: $PKG_CONFIG --exists --print-errors "glib-2.0 >= 2.28"
configure:14844: $? = 0
configure:14882: result: yes
configure:14970: checking for dbus-1 >= 1.6
configure:14977: $PKG_CONFIG --exists --print-errors "dbus-1 >= 1.6"
configure:14980: $? = 0
configure:14994: $PKG_CONFIG --exists --print-errors "dbus-1 >= 1.6"
configure:14997: $? = 0
configure:15035: result: yes
configure:15070: checking D-Bus system bus services dir
configure:15076: result: /usr/share/dbus-1/system-services
configure:15090: checking D-Bus session bus services dir
configure:15096: result: /usr/share/dbus-1/services
configure:15114: result: ${prefix}/share/zsh/site-functions
configure:15342: checking for libudev >= 172
configure:15349: $PKG_CONFIG --exists --print-errors "libudev >= 172"
configure:15352: $? = 0
configure:15366: $PKG_CONFIG --exists --print-errors "libudev >= 172"
configure:15369: $? = 0
configure:15407: result: yes
configure:15413: checking for udev_hwdb_new in -ludev
configure:15436: gcc -o conftest -g -O2   conftest.c -ludev   >&5
configure:15436: $? = 0
configure:15446: result: yes
configure:15473: checking udev directory
configure:15479: result: /usr/lib/udev
configure:15518: checking for json-c >= 0.13
configure:15525: $PKG_CONFIG --exists --print-errors "json-c >= 0.13"
configure:15528: $? = 0
configure:15542: $PKG_CONFIG --exists --print-errors "json-c >= 0.13"
configure:15545: $? = 0
configure:15583: result: yes
configure:15609: checking for alsa
configure:15616: $PKG_CONFIG --exists --print-errors "alsa"
configure:15619: $? = 0
configure:15633: $PKG_CONFIG --exists --print-errors "alsa"
configure:15636: $? = 0
configure:15674: result: yes
configure:15691: checking for libical
configure:15698: $PKG_CONFIG --exists --print-errors "libical"
configure:15701: $? = 0
configure:15715: $PKG_CONFIG --exists --print-errors "libical"
configure:15718: $? = 0
configure:15756: result: yes
configure:15906: checking for readline/readline.h
configure:15906: gcc -c -g -O2  conftest.c >&5
configure:15906: $? = 0
configure:15906: result: yes
configure:15949: checking systemd system unit dir
configure:15955: result: /usr/lib/systemd/system
configure:15969: checking systemd user unit dir
configure:15975: result: /usr/lib/systemd/user
configure:16007: checking for rst2man
configure:16028: found /usr/bin/rst2man
configure:16039: result: rst2man
configure:16651: checking that generated files are newer than configure
configure:16657: result: done
configure:16840: creating ./config.status

## ---------------------- ##
## Running config.status. ##
## ---------------------- ##

This file was extended by bluez config.status 5.65, which was
generated by GNU Autoconf 2.71.  Invocation command line was

  CONFIG_FILES    = 
  CONFIG_HEADERS  = 
  CONFIG_LINKS    = 
  CONFIG_COMMANDS = 
  $ ./config.status 

on snowcrash

config.status:1228: creating Makefile
config.status:1228: creating src/bluetoothd.rst
config.status:1228: creating lib/bluez.pc
config.status:1228: creating mesh/bluetooth-meshd.rst
config.status:1228: creating config.h
config.status:1409: config.h is unchanged
config.status:1457: executing depfiles commands
config.status:1534: cd .       && sed -e '/# am--include-marker/d' Makefile         | make -f - am--depfiles
make: Nothing to be done for 'am--depfiles'.
config.status:1539: $? = 0
config.status:1457: executing libtool commands

## ---------------- ##
## Cache variables. ##
## ---------------- ##

ac_cv_build=x86_64-pc-linux-gnu
ac_cv_c_compiler_gnu=yes
ac_cv_c_restrict=__restrict__
ac_cv_env_ALSA_CFLAGS_set=
ac_cv_env_ALSA_CFLAGS_value=
ac_cv_env_ALSA_LIBS_set=
ac_cv_env_ALSA_LIBS_value=
ac_cv_env_CC_set=
ac_cv_env_CC_value=
ac_cv_env_CFLAGS_set=
ac_cv_env_CFLAGS_value=
ac_cv_env_CPPFLAGS_set=
ac_cv_env_CPPFLAGS_value=
ac_cv_env_DBUS_CFLAGS_set=
ac_cv_env_DBUS_CFLAGS_value=
ac_cv_env_DBUS_LIBS_set=
ac_cv_env_DBUS_LIBS_value=
ac_cv_env_ELL_CFLAGS_set=
ac_cv_env_ELL_CFLAGS_value=
ac_cv_env_ELL_LIBS_set=
ac_cv_env_ELL_LIBS_value=
ac_cv_env_GLIB_CFLAGS_set=
ac_cv_env_GLIB_CFLAGS_value=
ac_cv_env_GLIB_LIBS_set=
ac_cv_env_GLIB_LIBS_value=
ac_cv_env_GTHREAD_CFLAGS_set=
ac_cv_env_GTHREAD_CFLAGS_value=
ac_cv_env_GTHREAD_LIBS_set=
ac_cv_env_GTHREAD_LIBS_value=
ac_cv_env_ICAL_CFLAGS_set=
ac_cv_env_ICAL_CFLAGS_value=
ac_cv_env_ICAL_LIBS_set=
ac_cv_env_ICAL_LIBS_value=
ac_cv_env_JSONC_CFLAGS_set=
ac_cv_env_JSONC_CFLAGS_value=
ac_cv_env_JSONC_LIBS_set=
ac_cv_env_JSONC_LIBS_value=
ac_cv_env_LDFLAGS_set=
ac_cv_env_LDFLAGS_value=
ac_cv_env_LIBEBOOK_CFLAGS_set=
ac_cv_env_LIBEBOOK_CFLAGS_value=
ac_cv_env_LIBEBOOK_LIBS_set=
ac_cv_env_LIBEBOOK_LIBS_value=
ac_cv_env_LIBEDATESERVER_CFLAGS_set=
ac_cv_env_LIBEDATESERVER_CFLAGS_value=
ac_cv_env_LIBEDATESERVER_LIBS_set=
ac_cv_env_LIBEDATESERVER_LIBS_value=
ac_cv_env_LIBS_set=
ac_cv_env_LIBS_value=
ac_cv_env_LT_SYS_LIBRARY_PATH_set=
ac_cv_env_LT_SYS_LIBRARY_PATH_value=
ac_cv_env_PKG_CONFIG_LIBDIR_set=
ac_cv_env_PKG_CONFIG_LIBDIR_value=
ac_cv_env_PKG_CONFIG_PATH_set=
ac_cv_env_PKG_CONFIG_PATH_value=
ac_cv_env_PKG_CONFIG_set=
ac_cv_env_PKG_CONFIG_value=
ac_cv_env_SBC_CFLAGS_set=
ac_cv_env_SBC_CFLAGS_value=
ac_cv_env_SBC_LIBS_set=
ac_cv_env_SBC_LIBS_value=
ac_cv_env_SPEEXDSP_CFLAGS_set=
ac_cv_env_SPEEXDSP_CFLAGS_value=
ac_cv_env_SPEEXDSP_LIBS_set=
ac_cv_env_SPEEXDSP_LIBS_value=
ac_cv_env_UDEV_CFLAGS_set=
ac_cv_env_UDEV_CFLAGS_value=
ac_cv_env_UDEV_LIBS_set=
ac_cv_env_UDEV_LIBS_value=
ac_cv_env_build_alias_set=
ac_cv_env_build_alias_value=
ac_cv_env_host_alias_set=
ac_cv_env_host_alias_value=
ac_cv_env_target_alias_set=
ac_cv_env_target_alias_value=
ac_cv_func_explicit_bzero=yes
ac_cv_func_getrandom=yes
ac_cv_func_rawmemchr=yes
ac_cv_func_signalfd=yes
ac_cv_header_dlfcn_h=yes
ac_cv_header_inttypes_h=yes
ac_cv_header_linux_if_alg_h=yes
ac_cv_header_linux_types_h=yes
ac_cv_header_linux_uhid_h=yes
ac_cv_header_linux_uinput_h=yes
ac_cv_header_readline_readline_h=yes
ac_cv_header_stdint_h=yes
ac_cv_header_stdio_h=yes
ac_cv_header_stdlib_h=yes
ac_cv_header_string_h=yes
ac_cv_header_strings_h=yes
ac_cv_header_sys_random_h=yes
ac_cv_header_sys_stat_h=yes
ac_cv_header_sys_types_h=yes
ac_cv_header_unistd_h=yes
ac_cv_host=x86_64-pc-linux-gnu
ac_cv_lib_dl_dlopen=yes
ac_cv_lib_pthread_pthread_create=yes
ac_cv_lib_rt_clock_gettime=yes
ac_cv_lib_udev_udev_hwdb_new=yes
ac_cv_objext=o
ac_cv_path_EGREP='/usr/bin/grep -E'
ac_cv_path_FGREP='/usr/bin/grep -F'
ac_cv_path_GREP=/usr/bin/grep
ac_cv_path_SED=/usr/bin/sed
ac_cv_path_ac_pt_PKG_CONFIG=/usr/bin/pkg-config
ac_cv_path_install='/usr/bin/install -c'
ac_cv_path_lt_DD=/usr/bin/dd
ac_cv_path_mkdir=/usr/bin/mkdir
ac_cv_prog_AWK=gawk
ac_cv_prog_RST2MAN=rst2man
ac_cv_prog_ac_ct_AR=ar
ac_cv_prog_ac_ct_CC=gcc
ac_cv_prog_ac_ct_FILECMD=file
ac_cv_prog_ac_ct_OBJDUMP=objdump
ac_cv_prog_ac_ct_RANLIB=ranlib
ac_cv_prog_ac_ct_STRIP=strip
ac_cv_prog_cc_asan=yes
ac_cv_prog_cc_c11=
ac_cv_prog_cc_g=yes
ac_cv_prog_cc_lsan=yes
ac_cv_prog_cc_pie=yes
ac_cv_prog_cc_stdc=
ac_cv_prog_cc_ubsan=yes
ac_cv_prog_make_make_set=yes
am_cv_CC_dependencies_compiler_type=gcc3
am_cv_make_support_nested_variables=yes
am_cv_prog_cc_c_o=yes
am_cv_prog_tar_pax=gnutar
lt_cv_ar_at_file=@
lt_cv_archive_cmds_need_lc=no
lt_cv_deplibs_check_method=pass_all
lt_cv_file_magic_cmd='$MAGIC_CMD'
lt_cv_file_magic_test_file=
lt_cv_ld_reload_flag=-r
lt_cv_nm_interface='BSD nm'
lt_cv_objdir=.libs
lt_cv_path_LD=/usr/bin/ld
lt_cv_path_NM='/usr/bin/nm -B'
lt_cv_path_mainfest_tool=no
lt_cv_prog_compiler_c_o=yes
lt_cv_prog_compiler_pic='-fPIC -DPIC'
lt_cv_prog_compiler_pic_works=yes
lt_cv_prog_compiler_rtti_exceptions=no
lt_cv_prog_compiler_static_works=yes
lt_cv_prog_gnu_ld=yes
lt_cv_sharedlib_from_linklib_cmd='printf %s\n'
lt_cv_shlibpath_overrides_runpath=no
lt_cv_sys_global_symbol_pipe='/usr/bin/sed -n -e '\''s/^.*[	 ]\([ABCDGIRSTW][ABCDGIRSTW]*\)[	 ][	 ]*\([_A-Za-z][_A-Za-z0-9]*\)$/\1 \2 \2/p'\'' | /usr/bin/sed '\''/ __gnu_lto/d'\'''
lt_cv_sys_global_symbol_to_c_name_address='/usr/bin/sed -n -e '\''s/^: \(.*\) .*$/  {"\1", (void *) 0},/p'\'' -e '\''s/^[ABCDGIRSTW][ABCDGIRSTW]* .* \(.*\)$/  {"\1", (void *) \&\1},/p'\'''
lt_cv_sys_global_symbol_to_c_name_address_lib_prefix='/usr/bin/sed -n -e '\''s/^: \(.*\) .*$/  {"\1", (void *) 0},/p'\'' -e '\''s/^[ABCDGIRSTW][ABCDGIRSTW]* .* \(lib.*\)$/  {"\1", (void *) \&\1},/p'\'' -e '\''s/^[ABCDGIRSTW][ABCDGIRSTW]* .* \(.*\)$/  {"lib\1", (void *) \&\1},/p'\'''
lt_cv_sys_global_symbol_to_cdecl='/usr/bin/sed -n -e '\''s/^T .* \(.*\)$/extern int \1();/p'\'' -e '\''s/^[ABCDGIRSTW][ABCDGIRSTW]* .* \(.*\)$/extern char \1;/p'\'''
lt_cv_sys_global_symbol_to_import=
lt_cv_sys_max_cmd_len=1572864
lt_cv_to_host_file_cmd=func_convert_file_noop
lt_cv_to_tool_file_cmd=func_convert_file_noop
lt_cv_truncate_bin='/usr/bin/dd bs=4096 count=1'
pkg_cv_ALSA_CFLAGS=
pkg_cv_ALSA_LIBS='-lasound '
pkg_cv_DBUS_CFLAGS='-I/usr/include/dbus-1.0 -I/usr/lib/dbus-1.0/include '
pkg_cv_DBUS_LIBS='-ldbus-1 '
pkg_cv_GLIB_CFLAGS='-I/usr/include/glib-2.0 -I/usr/lib/glib-2.0/include -I/usr/include/sysprof-4 -pthread '
pkg_cv_GLIB_LIBS='-lglib-2.0 '
pkg_cv_ICAL_CFLAGS=
pkg_cv_ICAL_LIBS='-lical -licalss -licalvcal '
pkg_cv_JSONC_CFLAGS='-I/usr/include/json-c '
pkg_cv_JSONC_LIBS='-ljson-c '
pkg_cv_UDEV_CFLAGS=
pkg_cv_UDEV_LIBS='-ludev '

## ----------------- ##
## Output variables. ##
## ----------------- ##

A2DP_FALSE='#'
A2DP_TRUE=''
ACLOCAL='${SHELL} '\''/home/droogie/Security/projects/bluetooth-fuzzer/bluez-fuzzer/missing'\'' aclocal-1.16'
ADMIN_FALSE=''
ADMIN_TRUE='#'
ALSA_CFLAGS=''
ALSA_LIBS='-lasound '
AMDEPBACKSLASH='\'
AMDEP_FALSE='#'
AMDEP_TRUE=''
AMTAR='$${TAR-tar}'
AM_BACKSLASH='\'
AM_DEFAULT_V='$(AM_DEFAULT_VERBOSITY)'
AM_DEFAULT_VERBOSITY='0'
AM_V='$(V)'
ANDROID_FALSE=''
ANDROID_TRUE='#'
AR='ar'
ASAN_LIB=''
AUTOCONF='${SHELL} '\''/home/droogie/Security/projects/bluetooth-fuzzer/bluez-fuzzer/missing'\'' autoconf'
AUTOHEADER='${SHELL} '\''/home/droogie/Security/projects/bluetooth-fuzzer/bluez-fuzzer/missing'\'' autoheader'
AUTOMAKE='${SHELL} '\''/home/droogie/Security/projects/bluetooth-fuzzer/bluez-fuzzer/missing'\'' automake-1.16'
AVRCP_FALSE='#'
AVRCP_TRUE=''
AWK='gawk'
BACKTRACE_CFLAGS=''
BACKTRACE_LIBS=''
BTPCLIENT_FALSE='#'
BTPCLIENT_TRUE=''
CC='gcc'
CCDEPMODE='depmode=gcc3'
CFLAGS='-g -O2'
CLIENT_FALSE='#'
CLIENT_TRUE=''
CONFIGDIR='/etc/bluetooth'
COVERAGE_FALSE=''
COVERAGE_TRUE='#'
CPPFLAGS=''
CSCOPE='cscope'
CTAGS='ctags'
CUPS_FALSE='#'
CUPS_TRUE=''
CYGPATH_W='echo'
DATAFILES_FALSE='#'
DATAFILES_TRUE=''
DBUS_CFLAGS='-I/usr/include/dbus-1.0 -I/usr/lib/dbus-1.0/include '
DBUS_CONFDIR='/usr/share'
DBUS_LIBS='-ldbus-1 '
DBUS_RUN_SESSION_FALSE=''
DBUS_RUN_SESSION_TRUE='#'
DBUS_SESSIONBUSDIR='/usr/share/dbus-1/services'
DBUS_SYSTEMBUSDIR='/usr/share/dbus-1/system-services'
DEFS='-DHAVE_CONFIG_H'
DEPDIR='.deps'
DEPRECATED_FALSE='#'
DEPRECATED_TRUE=''
DLLTOOL='false'
DSYMUTIL=''
DUMPBIN=''
ECHO_C=''
ECHO_N='-n'
ECHO_T=''
EGREP='/usr/bin/grep -E'
ELL_CFLAGS=''
ELL_LIBS=''
ETAGS='etags'
EXEEXT=''
EXPERIMENTAL_FALSE='#'
EXPERIMENTAL_TRUE=''
EXTERNAL_ELL_FALSE=''
EXTERNAL_ELL_TRUE='#'
FGREP='/usr/bin/grep -F'
FILECMD='file'
GLIB_CFLAGS='-I/usr/include/glib-2.0 -I/usr/lib/glib-2.0/include -I/usr/include/sysprof-4 -pthread '
GLIB_LIBS='-lglib-2.0 '
GREP='/usr/bin/grep'
GTHREAD_CFLAGS=''
GTHREAD_LIBS=''
HEALTH_FALSE=''
HEALTH_TRUE='#'
HID2HCI_FALSE='#'
HID2HCI_TRUE=''
HID_FALSE='#'
HID_TRUE=''
HOG_FALSE='#'
HOG_TRUE=''
ICAL_CFLAGS=''
ICAL_LIBS='-lical -licalss -licalvcal '
INSTALL_DATA='${INSTALL} -m 644'
INSTALL_PROGRAM='${INSTALL}'
INSTALL_SCRIPT='${INSTALL}'
INSTALL_STRIP_PROGRAM='$(install_sh) -c -s'
JSONC_CFLAGS='-I/usr/include/json-c '
JSONC_LIBS='-ljson-c '
JSON_CFLAGS=''
JSON_LIBS=''
LD='/usr/bin/ld -m elf_x86_64'
LDFLAGS=''
LIBEBOOK_CFLAGS=''
LIBEBOOK_LIBS=''
LIBEDATESERVER_CFLAGS=''
LIBEDATESERVER_LIBS=''
LIBOBJS=''
LIBRARY_FALSE='#'
LIBRARY_TRUE=''
LIBS=''
LIBSHARED_ELL_FALSE='#'
LIBSHARED_ELL_TRUE=''
LIBTOOL='$(SHELL) $(top_builddir)/libtool'
LIPO=''
LN_S='ln -s'
LOGGER_FALSE=''
LOGGER_TRUE='#'
LTLIBOBJS=''
LT_SYS_LIBRARY_PATH=''
MAINT='#'
MAINTAINER_MODE_FALSE=''
MAINTAINER_MODE_TRUE='#'
MAKEINFO='${SHELL} '\''/home/droogie/Security/projects/bluetooth-fuzzer/bluez-fuzzer/missing'\'' makeinfo'
MANIFEST_TOOL=':'
MANPAGES_FALSE='#'
MANPAGES_TRUE=''
MESH_FALSE='#'
MESH_STORAGEDIR='/var/lib/bluetooth/mesh'
MESH_TRUE=''
MIDI_FALSE='#'
MIDI_TRUE=''
MISC_CFLAGS=''
MISC_LDFLAGS=''
MKDIR_P='/usr/bin/mkdir -p'
MONITOR_FALSE='#'
MONITOR_TRUE=''
NETWORK_FALSE='#'
NETWORK_TRUE=''
NFC_FALSE=''
NFC_TRUE='#'
NM='/usr/bin/nm -B'
NMEDIT=''
OBEX_FALSE='#'
OBEX_TRUE=''
OBJDUMP='objdump'
OBJEXT='o'
OTOOL64=''
OTOOL=''
PACKAGE='bluez'
PACKAGE_BUGREPORT=''
PACKAGE_NAME='bluez'
PACKAGE_STRING='bluez 5.65'
PACKAGE_TARNAME='bluez'
PACKAGE_URL=''
PACKAGE_VERSION='5.65'
PATH_SEPARATOR=':'
PKG_CONFIG='/usr/bin/pkg-config'
PKG_CONFIG_LIBDIR=''
PKG_CONFIG_PATH=''
PLUGIN_PHONEBOOK='dummy'
RANLIB='ranlib'
READLINE_FALSE='#'
READLINE_TRUE=''
RST2MAN='rst2man'
RUN_RST2MAN_FALSE='#'
RUN_RST2MAN_TRUE=''
SAP_FALSE=''
SAP_TRUE='#'
SBC_CFLAGS=''
SBC_LIBS=''
SED='/usr/bin/sed'
SET_MAKE=''
SHELL='/bin/sh'
SIXAXIS_FALSE='#'
SIXAXIS_TRUE=''
SPEEXDSP_CFLAGS=''
SPEEXDSP_LIBS=''
STRIP='strip'
SYSTEMD_FALSE='#'
SYSTEMD_SYSTEMUNITDIR='/usr/lib/systemd/system'
SYSTEMD_TRUE=''
SYSTEMD_USERUNITDIR='/usr/lib/systemd/user'
TESTING_FALSE=''
TESTING_TRUE='#'
TEST_FALSE=''
TEST_TRUE='#'
TOOLS_FALSE='#'
TOOLS_TRUE=''
UDEV_CFLAGS=''
UDEV_DIR='/usr/lib/udev'
UDEV_FALSE='#'
UDEV_LIBS='-ludev '
UDEV_TRUE=''
VALGRIND_FALSE=''
VALGRIND_TRUE='#'
VERSION='5.65'
WARNING_CFLAGS=''
ZSH_COMPLETIONDIR='${prefix}/share/zsh/site-functions'
ZSH_COMPLETIONS_FALSE='#'
ZSH_COMPLETIONS_TRUE=''
ac_ct_AR='ar'
ac_ct_CC='gcc'
ac_ct_DUMPBIN=''
am__EXEEXT_FALSE=''
am__EXEEXT_TRUE='#'
am__fastdepCC_FALSE='#'
am__fastdepCC_TRUE=''
am__include='include'
am__isrc=''
am__leading_dot='.'
am__nodep='_no'
am__quote=''
am__tar='tar --format=posix -chf - "$$tardir"'
am__untar='tar -xf -'
bindir='${exec_prefix}/bin'
build='x86_64-pc-linux-gnu'
build_alias=''
build_cpu='x86_64'
build_os='linux-gnu'
build_vendor='pc'
datadir='${datarootdir}'
datarootdir='${prefix}/share'
docdir='${datarootdir}/doc/${PACKAGE_TARNAME}'
dvidir='${docdir}'
enable_coverage=''
enable_dbus_run_session=''
enable_valgrind=''
exec_prefix='${prefix}'
host='x86_64-pc-linux-gnu'
host_alias=''
host_cpu='x86_64'
host_os='linux-gnu'
host_vendor='pc'
htmldir='${docdir}'
includedir='${prefix}/include'
infodir='${datarootdir}/info'
install_sh='${SHELL} /home/droogie/Security/projects/bluetooth-fuzzer/bluez-fuzzer/install-sh'
libdir='${exec_prefix}/lib'
libexecdir='/usr/lib'
localedir='${datarootdir}/locale'
localstatedir='/var'
mandir='/usr/share/man'
mkdir_p='$(MKDIR_P)'
oldincludedir='/usr/include'
pdfdir='${docdir}'
prefix='/usr'
program_transform_name='s,x,x,'
psdir='${docdir}'
runstatedir='${localstatedir}/run'
sbindir='${exec_prefix}/sbin'
sharedstatedir='${prefix}/com'
sysconfdir='/etc'
target_alias=''

## ----------- ##
## confdefs.h. ##
## ----------- ##

/* confdefs.h */
#define PACKAGE_NAME "bluez"
#define PACKAGE_TARNAME "bluez"
#define PACKAGE_VERSION "5.65"
#define PACKAGE_STRING "bluez 5.65"
#define PACKAGE_BUGREPORT ""
#define PACKAGE_URL ""
#define PACKAGE "bluez"
#define VERSION "5.65"
#define restrict __restrict__
#define HAVE_STDIO_H 1
#define HAVE_STDLIB_H 1
#define HAVE_STRING_H 1
#define HAVE_INTTYPES_H 1
#define HAVE_STDINT_H 1
#define HAVE_STRINGS_H 1
#define HAVE_SYS_STAT_H 1
#define HAVE_SYS_TYPES_H 1
#define HAVE_UNISTD_H 1
#define STDC_HEADERS 1
#define HAVE_DLFCN_H 1
#define LT_OBJDIR ".libs/"
#define HAVE_EXPLICIT_BZERO 1
#define HAVE_GETRANDOM 1
#define HAVE_RAWMEMCHR 1
#define HAVE_LINUX_TYPES_H 1
#define HAVE_LINUX_IF_ALG_H 1
#define HAVE_LINUX_UINPUT_H 1
#define HAVE_LINUX_UHID_H 1
#define HAVE_SYS_RANDOM_H 1
#define HAVE_UDEV_HWDB_NEW 1
#define HAVE_READLINE_READLINE_H 1
#define STORAGEDIR "/var/lib/bluetooth"
#define CONFIGDIR "/etc/bluetooth"
#define MESH_STORAGEDIR "/var/lib/bluetooth/mesh"
#define ANDROID_STORAGEDIR "/var/lib/bluetooth/android"

configure: exit 0
